<?xml version="1.0" encoding="UTF-8"?>
<!-- Generated by org.testng.reporters.JUnitReportReporter -->
<testsuite hostname="DESKTOP-TUU91D1" failures="0" tests="1" name="testScript.productPage.productChechoutTest" time="68.496" errors="0" timestamp="2020-05-23T00:53:47 IST" skipped="0">
  <testcase classname="testScript.productPage.productChechoutTest" name="testProductCheckout" time="68.496"/>
</testsuite> <!-- testScript.productPage.productChechoutTest -->
