<?xml version="1.0" encoding="UTF-8"?>
<!-- Generated by org.testng.reporters.JUnitReportReporter -->
<testsuite hostname="DESKTOP-TUU91D1" failures="0" tests="1" name="testScript.productPage.productChechoutTest" time="80.593" errors="0" timestamp="2020-05-23T16:34:59 IST" skipped="0">
  <testcase classname="testScript.productPage.productChechoutTest" name="testProductCheckout" time="80.593"/>
</testsuite> <!-- testScript.productPage.productChechoutTest -->
